# JRE version: Java(TM) SE Runtime Environment (21.0.6+8) (build 21.0.6+8-LTS-188)
# Java VM: Java HotSpot(TM) 64-Bit Server VM (21.0.6+8-LTS-188, mixed mode, sharing, tiered, compressed oops, compressed class ptrs, g1 gc, windows-amd64)
GC Precious Log:
 CardTable entry size: 512
 Card Set container configuration: InlinePtr #cards 5 size 8 Array Of Cards #cards 12 size 40 Howl #buckets 4 coarsen threshold 1843 Howl Bitmap #cards 512 size 80 coarsen threshold 460 Card regions per heap region 1 cards per card region 2048
 CPUs: 8 total, 8 available
 Memory: 14269M
 Large Page Support: Disabled
 NUMA Support: Disabled
 Compressed Oops: Enabled (32-bit)
 Heap Region Size: 1M
 Heap Min Capacity: 8M
 Heap Initial Capacity: 224M
 Heap Max Capacity: 2G
 Pre-touch: Disabled
 Parallel Workers: 8
 Concurrent Workers: 2
 Concurrent Refinement Workers: 8
 Periodic GC: Disabled
Heap:
 garbage-first heap   total 151552K, used 106713K [0x0000000080000000, 0x0000000100000000)
  region size 1024K, 10 young (10240K), 6 survivors (6144K)
 Metaspace       used 90719K, committed 92864K, reserved 1179648K
  class space    used 12487K, committed 13568K, reserved 1048576K
GC Heap History (20 events):
Event: 34.316 GC heap before
{Heap before GC invocations=23 (full 0):
 garbage-first heap   total 105472K, used 95281K [0x0000000080000000, 0x0000000100000000)
  region size 1024K, 28 young (28672K), 1 survivors (1024K)
 Metaspace       used 66687K, committed 68608K, reserved 1114112K
  class space    used 9170K, committed 10112K, reserved 1048576K
}
Event: 34.320 GC heap after
{Heap after GC invocations=24 (full 0):
 garbage-first heap   total 105472K, used 68586K [0x0000000080000000, 0x0000000100000000)
  region size 1024K, 2 young (2048K), 2 survivors (2048K)
 Metaspace       used 66687K, committed 68608K, reserved 1114112K
  class space    used 9170K, committed 10112K, reserved 1048576K
}
Event: 35.331 GC heap before
{Heap before GC invocations=25 (full 0):
 garbage-first heap   total 119808K, used 101354K [0x0000000080000000, 0x0000000100000000)
  region size 1024K, 28 young (28672K), 2 survivors (2048K)
 Metaspace       used 67494K, committed 69504K, reserved 1114112K
  class space    used 9317K, committed 10304K, reserved 1048576K
}
Event: 35.335 GC heap after
{Heap after GC invocations=26 (full 0):
 garbage-first heap   total 119808K, used 74384K [0x0000000080000000, 0x0000000100000000)
  region size 1024K, 4 young (4096K), 4 survivors (4096K)
 Metaspace       used 67494K, committed 69504K, reserved 1114112K
  class space    used 9317K, committed 10304K, reserved 1048576K
}
Event: 36.714 GC heap before
{Heap before GC invocations=26 (full 0):
 garbage-first heap   total 119808K, used 107152K [0x0000000080000000, 0x0000000100000000)
  region size 1024K, 36 young (36864K), 4 survivors (4096K)
 Metaspace       used 69817K, committed 71872K, reserved 1114112K
  class space    used 9602K, committed 10624K, reserved 1048576K
}
Event: 36.719 GC heap after
{Heap after GC invocations=27 (full 0):
 garbage-first heap   total 119808K, used 76122K [0x0000000080000000, 0x0000000100000000)
  region size 1024K, 5 young (5120K), 5 survivors (5120K)
 Metaspace       used 69817K, committed 71872K, reserved 1114112K
  class space    used 9602K, committed 10624K, reserved 1048576K
}
Event: 37.975 GC heap before
{Heap before GC invocations=27 (full 0):
 garbage-first heap   total 119808K, used 105818K [0x0000000080000000, 0x0000000100000000)
  region size 1024K, 35 young (35840K), 5 survivors (5120K)
 Metaspace       used 72286K, committed 74304K, reserved 1114112K
  class space    used 9932K, committed 10944K, reserved 1048576K
}
Event: 37.981 GC heap after
{Heap after GC invocations=28 (full 0):
 garbage-first heap   total 119808K, used 78539K [0x0000000080000000, 0x0000000100000000)
  region size 1024K, 5 young (5120K), 5 survivors (5120K)
 Metaspace       used 72286K, committed 74304K, reserved 1114112K
  class space    used 9932K, committed 10944K, reserved 1048576K
}
Event: 39.587 GC heap before
{Heap before GC invocations=29 (full 0):
 garbage-first heap   total 143360K, used 115403K [0x0000000080000000, 0x0000000100000000)
  region size 1024K, 33 young (33792K), 5 survivors (5120K)
 Metaspace       used 77004K, committed 78976K, reserved 1179648K
  class space    used 10931K, committed 11904K, reserved 1048576K
}
Event: 39.591 GC heap after
{Heap after GC invocations=30 (full 0):
 garbage-first heap   total 143360K, used 79064K [0x0000000080000000, 0x0000000100000000)
  region size 1024K, 3 young (3072K), 3 survivors (3072K)
 Metaspace       used 77004K, committed 78976K, reserved 1179648K
  class space    used 10931K, committed 11904K, reserved 1048576K
}
Event: 40.990 GC heap before
{Heap before GC invocations=30 (full 0):
 garbage-first heap   total 143360K, used 127192K [0x0000000080000000, 0x0000000100000000)
  region size 1024K, 51 young (52224K), 3 survivors (3072K)
 Metaspace       used 79330K, committed 81344K, reserved 1179648K
  class space    used 11128K, committed 12096K, reserved 1048576K
}
Event: 40.994 GC heap after
{Heap after GC invocations=31 (full 0):
 garbage-first heap   total 143360K, used 78998K [0x0000000080000000, 0x0000000100000000)
  region size 1024K, 3 young (3072K), 3 survivors (3072K)
 Metaspace       used 79330K, committed 81344K, reserved 1179648K
  class space    used 11128K, committed 12096K, reserved 1048576K
}
Event: 45.104 GC heap before
{Heap before GC invocations=31 (full 0):
 garbage-first heap   total 143360K, used 130198K [0x0000000080000000, 0x0000000100000000)
  region size 1024K, 53 young (54272K), 3 survivors (3072K)
 Metaspace       used 82510K, committed 84480K, reserved 1179648K
  class space    used 11505K, committed 12480K, reserved 1048576K
}
Event: 45.109 GC heap after
{Heap after GC invocations=32 (full 0):
 garbage-first heap   total 143360K, used 82551K [0x0000000080000000, 0x0000000100000000)
  region size 1024K, 7 young (7168K), 7 survivors (7168K)
 Metaspace       used 82510K, committed 84480K, reserved 1179648K
  class space    used 11505K, committed 12480K, reserved 1048576K
}
Event: 46.257 GC heap before
{Heap before GC invocations=33 (full 0):
 garbage-first heap   total 145408K, used 133751K [0x0000000080000000, 0x0000000100000000)
  region size 1024K, 50 young (51200K), 7 survivors (7168K)
 Metaspace       used 89457K, committed 91520K, reserved 1179648K
  class space    used 12376K, committed 13376K, reserved 1048576K
}
Event: 46.262 GC heap after
{Heap after GC invocations=34 (full 0):
 garbage-first heap   total 145408K, used 91689K [0x0000000080000000, 0x0000000100000000)
  region size 1024K, 6 young (6144K), 6 survivors (6144K)
 Metaspace       used 89457K, committed 91520K, reserved 1179648K
  class space    used 12376K, committed 13376K, reserved 1048576K
}
Event: 46.650 GC heap before
{Heap before GC invocations=34 (full 0):
 garbage-first heap   total 145408K, used 130601K [0x0000000080000000, 0x0000000100000000)
  region size 1024K, 44 young (45056K), 6 survivors (6144K)
 Metaspace       used 89769K, committed 91904K, reserved 1179648K
  class space    used 12382K, committed 13440K, reserved 1048576K
}
Event: 46.662 GC heap after
{Heap after GC invocations=35 (full 0):
 garbage-first heap   total 149504K, used 93862K [0x0000000080000000, 0x0000000100000000)
  region size 1024K, 6 young (6144K), 6 survivors (6144K)
 Metaspace       used 89769K, committed 91904K, reserved 1179648K
  class space    used 12382K, committed 13440K, reserved 1048576K
}
Event: 47.040 GC heap before
{Heap before GC invocations=35 (full 0):
 garbage-first heap   total 149504K, used 131750K [0x0000000080000000, 0x0000000100000000)
  region size 1024K, 43 young (44032K), 6 survivors (6144K)
 Metaspace       used 90388K, committed 92480K, reserved 1179648K
  class space    used 12439K, committed 13504K, reserved 1048576K
}
Event: 47.052 GC heap after
{Heap after GC invocations=36 (full 0):
 garbage-first heap   total 149504K, used 103641K [0x0000000080000000, 0x0000000100000000)
  region size 1024K, 6 young (6144K), 6 survivors (6144K)
 Metaspace       used 90388K, committed 92480K, reserved 1179648K
  class space    used 12439K, committed 13504K, reserved 1048576K
}

